  mapTool.cpp
d:\github\api_zelda\zeldasamurai\zelda\maptool.cpp(127): warning C4244: '=': 'int'에서 'float'(으)로 변환하면서 데이터가 손실될 수 있습니다.
d:\github\api_zelda\zeldasamurai\zelda\maptool.cpp(128): warning C4244: '=': 'int'에서 'float'(으)로 변환하면서 데이터가 손실될 수 있습니다.
d:\github\api_zelda\zeldasamurai\zelda\maptool.cpp(130): warning C4244: '=': 'float'에서 'LONG'(으)로 변환하면서 데이터가 손실될 수 있습니다.
d:\github\api_zelda\zeldasamurai\zelda\maptool.cpp(131): warning C4244: '=': 'float'에서 'LONG'(으)로 변환하면서 데이터가 손실될 수 있습니다.
d:\github\api_zelda\zeldasamurai\zelda\maptool.cpp(364): warning C4244: '인수': 'float'에서 'int'(으)로 변환하면서 데이터가 손실될 수 있습니다.
d:\github\api_zelda\zeldasamurai\zelda\maptool.cpp(539): warning C4244: '=': 'float'에서 'LONG'(으)로 변환하면서 데이터가 손실될 수 있습니다.
d:\github\api_zelda\zeldasamurai\zelda\maptool.cpp(540): warning C4244: '=': 'float'에서 'LONG'(으)로 변환하면서 데이터가 손실될 수 있습니다.
d:\github\api_zelda\zeldasamurai\zelda\maptool.cpp(548): warning C4996: 'sprintf': This function or variable may be unsafe. Consider using sprintf_s instead. To disable deprecation, use _CRT_SECURE_NO_WARNINGS. See online help for details.
  c:\program files (x86)\windows kits\10\include\10.0.10240.0\ucrt\stdio.h(1769): note: 'sprintf' 선언을 참조하십시오.
d:\github\api_zelda\zeldasamurai\zelda\maptool.cpp(550): warning C4996: 'sprintf': This function or variable may be unsafe. Consider using sprintf_s instead. To disable deprecation, use _CRT_SECURE_NO_WARNINGS. See online help for details.
  c:\program files (x86)\windows kits\10\include\10.0.10240.0\ucrt\stdio.h(1769): note: 'sprintf' 선언을 참조하십시오.
d:\github\api_zelda\zeldasamurai\zelda\maptool.cpp(651): warning C4554: '&': 연산자 우선 순위에 오류가 있는지 확인하십시오. 괄호를 사용하여 우선 순위를 명확하게 지정하십시오.
d:\github\api_zelda\zeldasamurai\zelda\maptool.cpp(798): warning C4244: '=': 'int'에서 'float'(으)로 변환하면서 데이터가 손실될 수 있습니다.
d:\github\api_zelda\zeldasamurai\zelda\maptool.cpp(799): warning C4244: '=': 'int'에서 'float'(으)로 변환하면서 데이터가 손실될 수 있습니다.
d:\github\api_zelda\zeldasamurai\zelda\maptool.cpp(801): warning C4244: '=': 'float'에서 'LONG'(으)로 변환하면서 데이터가 손실될 수 있습니다.
d:\github\api_zelda\zeldasamurai\zelda\maptool.cpp(802): warning C4244: '=': 'float'에서 'LONG'(으)로 변환하면서 데이터가 손실될 수 있습니다.
d:\github\api_zelda\zeldasamurai\zelda\maptool.cpp(821): warning C4244: '=': 'int'에서 'float'(으)로 변환하면서 데이터가 손실될 수 있습니다.
d:\github\api_zelda\zeldasamurai\zelda\maptool.cpp(822): warning C4244: '=': 'int'에서 'float'(으)로 변환하면서 데이터가 손실될 수 있습니다.
d:\github\api_zelda\zeldasamurai\zelda\maptool.cpp(824): warning C4244: '=': 'float'에서 'LONG'(으)로 변환하면서 데이터가 손실될 수 있습니다.
d:\github\api_zelda\zeldasamurai\zelda\maptool.cpp(825): warning C4244: '=': 'float'에서 'LONG'(으)로 변환하면서 데이터가 손실될 수 있습니다.
  20170426_1.vcxproj -> D:\GitHub\API_Zelda\ZeldaSamurai\Zelda\Debug\20170426_1.exe
  20170426_1.vcxproj -> D:\GitHub\API_Zelda\ZeldaSamurai\Zelda\Debug\20170426_1.pdb (Full PDB)
